<?xml version="1.0" encoding="UTF-8"?>
<testng-results ignored="0" total="1" passed="1" failed="0" skipped="0">
  <reporter-output>
  </reporter-output>
  <suite started-at="2024-12-22T23:36:21 IST" name="Suite1" finished-at="2024-12-22T23:36:45 IST" duration-ms="24596">
    <groups>
      <group name="cucumber">
        <method signature="AbstractTestNGCucumberTests.runScenario(io.cucumber.testng.PickleWrapper,io.cucumber.testng.FeatureWrapper)[pri:0, instance:runners.Test_DemoBlaze_e2e_runner@6ff29830]" name="runScenario" class="io.cucumber.testng.AbstractTestNGCucumberTests"/>
      </group> <!-- cucumber -->
    </groups>
    <test started-at="2024-12-22T23:36:21 IST" name="Test1" finished-at="2024-12-22T23:36:45 IST" duration-ms="24596">
      <class name="runners.Test_DemoBlaze_e2e_runner">
        <test-method is-config="true" signature="setUpClass(org.testng.ITestContext)[pri:0, instance:runners.Test_DemoBlaze_e2e_runner@6ff29830]" started-at="2024-12-22T23:36:21 IST" name="setUpClass" finished-at="2024-12-22T23:36:21 IST" duration-ms="516" status="PASS">
          <params>
            <param index="0">
              <value>
                <![CDATA[org.testng.TestRunner@3f96f020]]>
              </value>
            </param>
          </params>
          <reporter-output>
          </reporter-output>
        </test-method> <!-- setUpClass -->
        <test-method signature="runScenario(io.cucumber.testng.PickleWrapper,io.cucumber.testng.FeatureWrapper)[pri:0, instance:runners.Test_DemoBlaze_e2e_runner@6ff29830]" started-at="2024-12-22T23:36:21 IST" name="runScenario" description="Runs Cucumber Scenarios" data-provider="scenarios" finished-at="2024-12-22T23:36:43 IST" duration-ms="21901" status="PASS">
          <params>
            <param index="0">
              <value>
                <![CDATA["place order"]]>
              </value>
            </param>
            <param index="1">
              <value>
                <![CDATA["Demo Blaze e2e"]]>
              </value>
            </param>
          </params>
          <reporter-output>
          </reporter-output>
        </test-method> <!-- runScenario -->
        <test-method is-config="true" signature="tearDownClass()[pri:0, instance:runners.Test_DemoBlaze_e2e_runner@6ff29830]" started-at="2024-12-22T23:36:43 IST" name="tearDownClass" finished-at="2024-12-22T23:36:45 IST" duration-ms="2125" status="PASS">
          <reporter-output>
          </reporter-output>
        </test-method> <!-- tearDownClass -->
      </class> <!-- runners.Test_DemoBlaze_e2e_runner -->
    </test> <!-- Test1 -->
  </suite> <!-- Suite1 -->
</testng-results>
