<?xml version="1.0" encoding="UTF-8"?>
<testng-results ignored="0" total="1" passed="1" failed="0" skipped="0">
  <reporter-output>
  </reporter-output>
  <suite started-at="2024-12-22T23:57:04 IST" name="Surefire suite" finished-at="2024-12-22T23:57:29 IST" duration-ms="24718">
    <groups>
      <group name="cucumber">
        <method signature="AbstractTestNGCucumberTests.runScenario(io.cucumber.testng.PickleWrapper,io.cucumber.testng.FeatureWrapper)[pri:0, instance:runners.Test_DemoBlaze_e2e_runner@74e52303]" name="runScenario" class="io.cucumber.testng.AbstractTestNGCucumberTests"/>
      </group> <!-- cucumber -->
    </groups>
    <test started-at="2024-12-22T23:57:04 IST" name="Surefire test" finished-at="2024-12-22T23:57:29 IST" duration-ms="24718">
      <class name="runners.Test_DemoBlaze_e2e_runner">
        <test-method is-config="true" signature="setUpClass(org.testng.ITestContext)[pri:0, instance:runners.Test_DemoBlaze_e2e_runner@74e52303]" started-at="2024-12-22T23:57:04 IST" name="setUpClass" finished-at="2024-12-22T23:57:05 IST" duration-ms="546" status="PASS">
          <params>
            <param index="0">
              <value>
                <![CDATA[org.testng.TestRunner@60c1663c]]>
              </value>
            </param>
          </params>
          <reporter-output>
          </reporter-output>
        </test-method> <!-- setUpClass -->
        <test-method signature="runScenario(io.cucumber.testng.PickleWrapper,io.cucumber.testng.FeatureWrapper)[pri:0, instance:runners.Test_DemoBlaze_e2e_runner@74e52303]" started-at="2024-12-22T23:57:05 IST" name="runScenario" description="Runs Cucumber Scenarios" data-provider="scenarios" finished-at="2024-12-22T23:57:27 IST" duration-ms="21988" status="PASS">
          <params>
            <param index="0">
              <value>
                <![CDATA["place order"]]>
              </value>
            </param>
            <param index="1">
              <value>
                <![CDATA["Demo Blaze e2e"]]>
              </value>
            </param>
          </params>
          <reporter-output>
          </reporter-output>
        </test-method> <!-- runScenario -->
        <test-method is-config="true" signature="tearDownClass()[pri:0, instance:runners.Test_DemoBlaze_e2e_runner@74e52303]" started-at="2024-12-22T23:57:27 IST" name="tearDownClass" finished-at="2024-12-22T23:57:29 IST" duration-ms="2150" status="PASS">
          <reporter-output>
          </reporter-output>
        </test-method> <!-- tearDownClass -->
      </class> <!-- runners.Test_DemoBlaze_e2e_runner -->
    </test> <!-- Surefire test -->
  </suite> <!-- Surefire suite -->
</testng-results>
